<?xml version="1.0" encoding="UTF-8"?>
<!-- Generated by org.testng.reporters.JUnitReportReporter -->
<testsuite hostname="Chetan" failures="0" tests="2" name="auto.testng2" time="0.033" errors="0" timestamp="2023-06-30T19:33:34 IST" skipped="0">
  <testcase classname="auto.testng2" name="b" time="0.006"/>
  <testcase classname="auto.testng2" name="a" time="0.027"/>
</testsuite> <!-- auto.testng2 -->
