<?xml version="1.0" encoding="UTF-8"?>
<!-- Generated by org.testng.reporters.JUnitReportReporter -->
<testsuite hostname="Chetan" failures="0" tests="2" name="auto.TestNg1" time="0.025" errors="0" timestamp="2023-07-05T20:44:14 IST" skipped="0">
  <testcase classname="auto.TestNg1" name="b" time="0.004"/>
  <testcase classname="auto.TestNg1" name="a" time="0.021"/>
</testsuite> <!-- auto.TestNg1 -->
